<?xml version="1.0" encoding="UTF-8"?>
<!-- Generated by org.testng.reporters.JUnitReportReporter -->
<testsuite skipped="0" hostname="BLRL84115" name="com.automation.codinground.FlightBookingTest" tests="1" failures="0" timestamp="02 Jul 2019 19:34:18 GMT" time="23.227" errors="0">
  <testcase name="testThatResultsAppearForAOneWayJourney" time="23.227" classname="com.automation.codinground.FlightBookingTest"/>
</testsuite> <!-- com.automation.codinground.FlightBookingTest -->
