<?xml version="1.0" encoding="UTF-8"?>
<!-- Generated by org.testng.reporters.JUnitReportReporter -->
<testsuite skipped="0" hostname="BLRL84115" name="com.automation.codinground.HotelBookingTest" tests="1" failures="0" timestamp="02 Jul 2019 19:34:18 GMT" time="10.892" errors="0">
  <testcase name="shouldBeAbleToSearchForHotels" time="10.892" classname="com.automation.codinground.HotelBookingTest"/>
</testsuite> <!-- com.automation.codinground.HotelBookingTest -->
