<?xml version="1.0" encoding="UTF-8"?>
<!-- Generated by org.testng.reporters.JUnitReportReporter -->
<testsuite skipped="0" hostname="BLRL84115" name="com.automation.codinground.SignInTest" tests="1" failures="0" timestamp="02 Jul 2019 19:34:18 GMT" time="5.797" errors="0">
  <testcase name="shouldThrowAnErrorIfSignInDetailsAreMissing" time="5.797" classname="com.automation.codinground.SignInTest"/>
</testsuite> <!-- com.automation.codinground.SignInTest -->
